<?xml version="1.0" encoding="UTF-8"?>
<!-- Generated by org.testng.reporters.JUnitXMLReporter -->
<testsuite hostname="DESKTOP-2K2AP8P" ignored="0" name="Test" tests="3" failures="1" timestamp="28 Jul 2021 16:51:03 GMT" time="0.524" errors="0">
  <testcase name="testA1" time="0.06" classname="org.withoutknown.A"/>
  <testcase name="testA2" time="0.053" classname="org.withoutknown.A">
    <failure type="java.lang.AssertionError" message="expected [true] but found [false]">
      <![CDATA[java.lang.AssertionError: expected [true] but found [false]
	at org.withoutknown.A.testA2(A.java:16)
... Removed 29 stack frames]]>
    </failure>
  </testcase> <!-- testA2 -->
  <testcase name="testA3" time="0.016" classname="org.withoutknown.A"/>
</testsuite> <!-- Test -->
